<?xml version="1.0" encoding="UTF-8"?>
<!-- Generated by org.testng.reporters.JUnitReportReporter -->
<testsuite hostname="PC1FBACN" failures="0" tests="1" name="ExtentReports.ExtentReportsDemo" time="9.502" errors="0" timestamp="2024-04-20T16:05:55 IST" skipped="0">
  <testcase classname="ExtentReports.ExtentReportsDemo" name="initialDemo" time="9.502"/>
  <system-out/>
</testsuite> <!-- ExtentReports.ExtentReportsDemo -->
