<?xml version="1.0" encoding="UTF-8"?>
<!-- Generated by org.testng.reporters.JUnitReportReporter -->
<testsuite hostname="L502528" failures="0" tests="2" name="saisritestng.day1" time="0.007" errors="0" timestamp="2024-03-10T15:49:09 IST" skipped="0">
  <testcase classname="saisritestng.day1" name="Demo" time="0.006"/>
  <system-out/>
  <testcase classname="saisritestng.day1" name="Demo1" time="0.001"/>
  <system-out/>
</testsuite> <!-- saisritestng.day1 -->
