<?xml version="1.0" encoding="UTF-8"?>
<!-- Generated by org.testng.reporters.JUnitReportReporter -->
<testsuite hostname="L502528" failures="0" tests="1" name="saisritestng.day2" time="0.001" errors="0" timestamp="2024-03-10T15:12:49 IST" skipped="0">
  <testcase classname="saisritestng.day2" name="thirdtest" time="0.001"/>
  <system-out/>
</testsuite> <!-- saisritestng.day2 -->
