<?xml version="1.0" encoding="UTF-8"?>
<!-- Generated by org.testng.reporters.JUnitReportReporter -->
<testsuite hostname="PC1FBACN" failures="0" tests="1" name="ExtentReports.ExtentReports" time="13.819" errors="0" timestamp="2024-04-20T15:27:30 IST" skipped="0">
  <testcase classname="ExtentReports.ExtentReports" name="initialDemo" time="13.819"/>
  <system-out/>
</testsuite> <!-- ExtentReports.ExtentReports -->
