<?xml version="1.0" encoding="UTF-8"?>
<!-- Generated by org.testng.reporters.JUnitReportReporter -->
<testsuite hostname="L502528" failures="0" tests="1" name="saisritestng.day3" time="0.006" errors="0" timestamp="2024-03-10T16:02:47 IST" skipped="0">
  <testcase classname="saisritestng.day3" name="WebHomeloan" time="0.006"/>
  <system-out/>
</testsuite> <!-- saisritestng.day3 -->
