<?xml version="1.0" encoding="UTF-8"?>
<!-- Generated by org.testng.reporters.JUnitReportReporter -->
<testsuite hostname="PC1FBACN" failures="0" tests="3" name="sskpackageframewrk.Submitordertest" time="41.843" errors="0" timestamp="2024-04-30T16:45:22 IST" skipped="0">
  <testcase classname="sskpackageframewrk.Submitordertest" name="submitOrder" time="14.943"/>
  <system-out/>
  <testcase classname="sskpackageframewrk.Submitordertest" name="submitOrder" time="15.718"/>
  <system-out/>
  <testcase classname="sskpackageframewrk.Submitordertest" name="OrderedProductVerification" time="11.182"/>
  <system-out/>
</testsuite> <!-- sskpackageframewrk.Submitordertest -->
