<?xml version="1.0" encoding="UTF-8"?>
<!-- Generated by org.testng.reporters.JUnitReportReporter -->
<testsuite hostname="PC1FBACN" failures="0" tests="3" name="sskpackageframewrk.Submitordertest" time="38.672" errors="0" timestamp="2024-04-28T14:56:24 IST" skipped="0">
  <testcase classname="sskpackageframewrk.Submitordertest" name="submitOrder" time="12.089"/>
  <testcase classname="sskpackageframewrk.Submitordertest" name="submitOrder" time="11.863"/>
  <testcase classname="sskpackageframewrk.Submitordertest" name="OrderedProductVerification" time="14.720"/>
</testsuite> <!-- sskpackageframewrk.Submitordertest -->
